<?xml version="1.0" encoding="UTF-8"?>
<!-- Generated by org.testng.reporters.JUnitXMLReporter -->
<testsuite ignored="12" hostname="LAPTOP-MS3K04SB" failures="0" tests="5" name="Regression Test One" time="11.34" errors="0" timestamp="2022-01-19T14:20:31 IST">
  <testcase classname="testScenarios.TripAdvisorTestScenarios" name="sortBy" time="1.477"/>
  <testcase classname="testScenarios.TripAdvisorTestScenarios" name="liftAccess" time="1.146"/>
  <testcase classname="testScenarios.TripAdvisorTestScenarios" name="hotelNames" time="6.595"/>
  <testcase classname="testScenarios.TripAdvisorTestScenarios" name="totalPrice" time="0.975"/>
  <testcase classname="testScenarios.TripAdvisorTestScenarios" name="pricePerNight" time="1.117"/>
  <testcase classname="testScenarios.TripAdvisorTestScenarios" name="setGuest" time="0.0">
    <ignored/>
  </testcase> <!-- setGuest -->
  <testcase classname="testScenarios.TripAdvisorTestScenarios" name="PassengerCrewValue" time="0.0">
    <ignored/>
  </testcase> <!-- PassengerCrewValue -->
  <testcase classname="testScenarios.TripAdvisorTestScenarios" name="checkOutDate" time="0.0">
    <ignored/>
  </testcase> <!-- checkOutDate -->
  <testcase classname="testScenarios.TripAdvisorTestScenarios" name="cruiseShip" time="0.0">
    <ignored/>
  </testcase> <!-- cruiseShip -->
  <testcase classname="testScenarios.TripAdvisorTestScenarios" name="checkInDate" time="0.0">
    <ignored/>
  </testcase> <!-- checkInDate -->
  <testcase classname="testScenarios.TripAdvisorTestScenarios" name="languageValue" time="0.0">
    <ignored/>
  </testcase> <!-- languageValue -->
  <testcase classname="testScenarios.TripAdvisorTestScenarios" name="cruises" time="0.0">
    <ignored/>
  </testcase> <!-- cruises -->
  <testcase classname="testScenarios.TripAdvisorTestScenarios" name="cruiseLine" time="0.0">
    <ignored/>
  </testcase> <!-- cruiseLine -->
  <testcase classname="testScenarios.TripAdvisorTestScenarios" name="changeWindow" time="0.0">
    <ignored/>
  </testcase> <!-- changeWindow -->
  <testcase classname="testScenarios.TripAdvisorTestScenarios" name="readData" time="0.0">
    <ignored/>
  </testcase> <!-- readData -->
  <testcase classname="testScenarios.TripAdvisorTestScenarios" name="launchedYearValue" time="0.0">
    <ignored/>
  </testcase> <!-- launchedYearValue -->
  <testcase classname="testScenarios.TripAdvisorTestScenarios" name="selectDestination" time="0.0">
    <ignored/>
  </testcase> <!-- selectDestination -->
</testsuite> <!-- Regression Test One -->
