<?xml version="1.0" encoding="UTF-8"?>
<!-- Generated by org.testng.reporters.JUnitXMLReporter -->
<testsuite ignored="12" hostname="LAPTOP-MS3K04SB" failures="5" tests="5" name="Regression Test One" time="86.435" errors="0" timestamp="2022-01-16T22:47:09 IST">
  <testcase classname="testScenarios.TripAdvisorTestScenarios" name="sortBy" time="41.282">
    <failure type="java.lang.NullPointerException" message="Cannot invoke &amp;quot;com.aventstack.extentreports.ExtentTest.log(com.aventstack.extentreports.Status, String)&amp;quot; because &amp;quot;userDefinedLibraries.FailReport.logger&amp;quot; is null">
      <![CDATA[java.lang.NullPointerException: Cannot invoke "com.aventstack.extentreports.ExtentTest.log(com.aventstack.extentreports.Status, String)" because "userDefinedLibraries.FailReport.logger" is null
at userDefinedLibraries.FailReport.reportFail(FailReport.java:19)
at testScenarios.TripAdvisorTestScenarios.sortBy(TripAdvisorTestScenarios.java:150)
at java.base/java.util.ArrayList.forEach(ArrayList.java:1511)
... Removed 31 stack frames]]>
    </failure>
  </testcase> <!-- sortBy -->
  <testcase classname="testScenarios.TripAdvisorTestScenarios" name="liftAccess" time="10.016">
    <failure type="java.lang.NullPointerException" message="Cannot invoke &amp;quot;com.aventstack.extentreports.ExtentTest.log(com.aventstack.extentreports.Status, String)&amp;quot; because &amp;quot;userDefinedLibraries.FailReport.logger&amp;quot; is null">
      <![CDATA[java.lang.NullPointerException: Cannot invoke "com.aventstack.extentreports.ExtentTest.log(com.aventstack.extentreports.Status, String)" because "userDefinedLibraries.FailReport.logger" is null
at userDefinedLibraries.FailReport.reportFail(FailReport.java:19)
at testScenarios.TripAdvisorTestScenarios.liftAccess(TripAdvisorTestScenarios.java:173)
at java.base/java.util.ArrayList.forEach(ArrayList.java:1511)
... Removed 31 stack frames]]>
    </failure>
  </testcase> <!-- liftAccess -->
  <testcase classname="testScenarios.TripAdvisorTestScenarios" name="hotelNames" time="15.063">
    <failure type="java.lang.NullPointerException" message="Cannot invoke &amp;quot;com.aventstack.extentreports.ExtentTest.log(com.aventstack.extentreports.Status, String)&amp;quot; because &amp;quot;userDefinedLibraries.FailReport.logger&amp;quot; is null">
      <![CDATA[java.lang.NullPointerException: Cannot invoke "com.aventstack.extentreports.ExtentTest.log(com.aventstack.extentreports.Status, String)" because "userDefinedLibraries.FailReport.logger" is null
at userDefinedLibraries.FailReport.reportFail(FailReport.java:19)
at testScenarios.TripAdvisorTestScenarios.hotelNames(TripAdvisorTestScenarios.java:195)
at java.base/java.util.ArrayList.forEach(ArrayList.java:1511)
... Removed 31 stack frames]]>
    </failure>
  </testcase> <!-- hotelNames -->
  <testcase classname="testScenarios.TripAdvisorTestScenarios" name="totalPrice" time="10.01">
    <failure type="java.lang.NullPointerException" message="Cannot invoke &amp;quot;com.aventstack.extentreports.ExtentTest.log(com.aventstack.extentreports.Status, String)&amp;quot; because &amp;quot;userDefinedLibraries.FailReport.logger&amp;quot; is null">
      <![CDATA[java.lang.NullPointerException: Cannot invoke "com.aventstack.extentreports.ExtentTest.log(com.aventstack.extentreports.Status, String)" because "userDefinedLibraries.FailReport.logger" is null
at userDefinedLibraries.FailReport.reportFail(FailReport.java:19)
at testScenarios.TripAdvisorTestScenarios.totalPrice(TripAdvisorTestScenarios.java:215)
at java.base/java.util.ArrayList.forEach(ArrayList.java:1511)
... Removed 31 stack frames]]>
    </failure>
  </testcase> <!-- totalPrice -->
  <testcase classname="testScenarios.TripAdvisorTestScenarios" name="pricePerNight" time="10.058">
    <failure type="java.lang.NullPointerException" message="Cannot invoke &amp;quot;com.aventstack.extentreports.ExtentTest.log(com.aventstack.extentreports.Status, String)&amp;quot; because &amp;quot;userDefinedLibraries.FailReport.logger&amp;quot; is null">
      <![CDATA[java.lang.NullPointerException: Cannot invoke "com.aventstack.extentreports.ExtentTest.log(com.aventstack.extentreports.Status, String)" because "userDefinedLibraries.FailReport.logger" is null
at userDefinedLibraries.FailReport.reportFail(FailReport.java:19)
at testScenarios.TripAdvisorTestScenarios.pricePerNight(TripAdvisorTestScenarios.java:242)
at java.base/java.util.ArrayList.forEach(ArrayList.java:1511)
... Removed 31 stack frames]]>
    </failure>
  </testcase> <!-- pricePerNight -->
  <testcase classname="testScenarios.TripAdvisorTestScenarios" name="setGuest" time="0.0">
    <ignored/>
  </testcase> <!-- setGuest -->
  <testcase classname="testScenarios.TripAdvisorTestScenarios" name="PassengerCrewValue" time="0.0">
    <ignored/>
  </testcase> <!-- PassengerCrewValue -->
  <testcase classname="testScenarios.TripAdvisorTestScenarios" name="checkOutDate" time="0.0">
    <ignored/>
  </testcase> <!-- checkOutDate -->
  <testcase classname="testScenarios.TripAdvisorTestScenarios" name="cruiseShip" time="0.0">
    <ignored/>
  </testcase> <!-- cruiseShip -->
  <testcase classname="testScenarios.TripAdvisorTestScenarios" name="checkInDate" time="0.0">
    <ignored/>
  </testcase> <!-- checkInDate -->
  <testcase classname="testScenarios.TripAdvisorTestScenarios" name="languageValue" time="0.0">
    <ignored/>
  </testcase> <!-- languageValue -->
  <testcase classname="testScenarios.TripAdvisorTestScenarios" name="cruises" time="0.0">
    <ignored/>
  </testcase> <!-- cruises -->
  <testcase classname="testScenarios.TripAdvisorTestScenarios" name="cruiseLine" time="0.0">
    <ignored/>
  </testcase> <!-- cruiseLine -->
  <testcase classname="testScenarios.TripAdvisorTestScenarios" name="changeWindow" time="0.0">
    <ignored/>
  </testcase> <!-- changeWindow -->
  <testcase classname="testScenarios.TripAdvisorTestScenarios" name="readData" time="0.0">
    <ignored/>
  </testcase> <!-- readData -->
  <testcase classname="testScenarios.TripAdvisorTestScenarios" name="launchedYearValue" time="0.0">
    <ignored/>
  </testcase> <!-- launchedYearValue -->
  <testcase classname="testScenarios.TripAdvisorTestScenarios" name="selectDestination" time="0.0">
    <ignored/>
  </testcase> <!-- selectDestination -->
</testsuite> <!-- Regression Test One -->
