<?xml version="1.0" encoding="UTF-8"?>
<!-- Generated by org.testng.reporters.JUnitXMLReporter -->
<testsuite ignored="13" hostname="LAPTOP-MS3K04SB" failures="3" tests="4" name="Smoke Test Two" time="30.471" errors="0" timestamp="2022-01-16T22:47:40 IST">
  <testcase classname="testScenarios.TripAdvisorTestScenarios" name="cruises" time="10.052">
    <failure type="java.lang.NullPointerException" message="Cannot invoke &amp;quot;com.aventstack.extentreports.ExtentTest.log(com.aventstack.extentreports.Status, String)&amp;quot; because &amp;quot;userDefinedLibraries.FailReport.logger&amp;quot; is null">
      <![CDATA[java.lang.NullPointerException: Cannot invoke "com.aventstack.extentreports.ExtentTest.log(com.aventstack.extentreports.Status, String)" because "userDefinedLibraries.FailReport.logger" is null
at userDefinedLibraries.FailReport.reportFail(FailReport.java:19)
at testScenarios.TripAdvisorTestScenarios.cruises(TripAdvisorTestScenarios.java:256)
at java.base/java.util.ArrayList.forEach(ArrayList.java:1511)
... Removed 31 stack frames]]>
    </failure>
  </testcase> <!-- cruises -->
  <testcase classname="testScenarios.TripAdvisorTestScenarios" name="cruiseLine" time="10.039">
    <failure type="java.lang.NullPointerException" message="Cannot invoke &amp;quot;com.aventstack.extentreports.ExtentTest.log(com.aventstack.extentreports.Status, String)&amp;quot; because &amp;quot;userDefinedLibraries.FailReport.logger&amp;quot; is null">
      <![CDATA[java.lang.NullPointerException: Cannot invoke "com.aventstack.extentreports.ExtentTest.log(com.aventstack.extentreports.Status, String)" because "userDefinedLibraries.FailReport.logger" is null
at userDefinedLibraries.FailReport.reportFail(FailReport.java:19)
at testScenarios.TripAdvisorTestScenarios.cruiseLine(TripAdvisorTestScenarios.java:272)
at java.base/java.util.ArrayList.forEach(ArrayList.java:1511)
... Removed 31 stack frames]]>
    </failure>
  </testcase> <!-- cruiseLine -->
  <testcase classname="testScenarios.TripAdvisorTestScenarios" name="cruiseShip" time="10.057">
    <failure type="java.lang.NullPointerException" message="Cannot invoke &amp;quot;com.aventstack.extentreports.ExtentTest.log(com.aventstack.extentreports.Status, String)&amp;quot; because &amp;quot;userDefinedLibraries.FailReport.logger&amp;quot; is null">
      <![CDATA[java.lang.NullPointerException: Cannot invoke "com.aventstack.extentreports.ExtentTest.log(com.aventstack.extentreports.Status, String)" because "userDefinedLibraries.FailReport.logger" is null
at userDefinedLibraries.FailReport.reportFail(FailReport.java:19)
at testScenarios.TripAdvisorTestScenarios.cruiseShip(TripAdvisorTestScenarios.java:296)
at java.base/java.util.ArrayList.forEach(ArrayList.java:1511)
... Removed 31 stack frames]]>
    </failure>
  </testcase> <!-- cruiseShip -->
  <testcase classname="testScenarios.TripAdvisorTestScenarios" name="changeWindow" time="0.319"/>
  <testcase classname="testScenarios.TripAdvisorTestScenarios" name="setGuest" time="0.0">
    <ignored/>
  </testcase> <!-- setGuest -->
  <testcase classname="testScenarios.TripAdvisorTestScenarios" name="checkOutDate" time="0.0">
    <ignored/>
  </testcase> <!-- checkOutDate -->
  <testcase classname="testScenarios.TripAdvisorTestScenarios" name="sortBy" time="0.0">
    <ignored/>
  </testcase> <!-- sortBy -->
  <testcase classname="testScenarios.TripAdvisorTestScenarios" name="languageValue" time="0.0">
    <ignored/>
  </testcase> <!-- languageValue -->
  <testcase classname="testScenarios.TripAdvisorTestScenarios" name="hotelNames" time="0.0">
    <ignored/>
  </testcase> <!-- hotelNames -->
  <testcase classname="testScenarios.TripAdvisorTestScenarios" name="pricePerNight" time="0.0">
    <ignored/>
  </testcase> <!-- pricePerNight -->
  <testcase classname="testScenarios.TripAdvisorTestScenarios" name="launchedYearValue" time="0.0">
    <ignored/>
  </testcase> <!-- launchedYearValue -->
  <testcase classname="testScenarios.TripAdvisorTestScenarios" name="selectDestination" time="0.0">
    <ignored/>
  </testcase> <!-- selectDestination -->
  <testcase classname="testScenarios.TripAdvisorTestScenarios" name="PassengerCrewValue" time="0.0">
    <ignored/>
  </testcase> <!-- PassengerCrewValue -->
  <testcase classname="testScenarios.TripAdvisorTestScenarios" name="liftAccess" time="0.0">
    <ignored/>
  </testcase> <!-- liftAccess -->
  <testcase classname="testScenarios.TripAdvisorTestScenarios" name="checkInDate" time="0.0">
    <ignored/>
  </testcase> <!-- checkInDate -->
  <testcase classname="testScenarios.TripAdvisorTestScenarios" name="readData" time="0.0">
    <ignored/>
  </testcase> <!-- readData -->
  <testcase classname="testScenarios.TripAdvisorTestScenarios" name="totalPrice" time="0.0">
    <ignored/>
  </testcase> <!-- totalPrice -->
</testsuite> <!-- Smoke Test Two -->
