<?xml version="1.0" encoding="UTF-8"?>
<!-- Generated by org.testng.reporters.JUnitXMLReporter -->
<testsuite ignored="12" hostname="LAPTOP-MS3K04SB" failures="4" tests="8" name="Smoke Test One" time="126.06" errors="0" timestamp="2022-01-16T22:45:43 IST">
  <testcase classname="testScenarios.TripAdvisorTestScenarios" name="readData" time="1.292"/>
  <testcase classname="testScenarios.TripAdvisorTestScenarios" name="selectDestination" time="41.504">
    <skipped/>
  </testcase> <!-- selectDestination -->
  <testcase classname="testScenarios.TripAdvisorTestScenarios" name="selectDestination" time="1.082">
    <skipped/>
  </testcase> <!-- selectDestination -->
  <testcase classname="testScenarios.TripAdvisorTestScenarios" name="selectDestination" time="1.112">
    <skipped/>
  </testcase> <!-- selectDestination -->
  <testcase classname="testScenarios.TripAdvisorTestScenarios" name="selectDestination" time="1.061">
    <failure type="java.lang.NullPointerException" message="Cannot invoke &amp;quot;com.aventstack.extentreports.ExtentTest.log(com.aventstack.extentreports.Status, String)&amp;quot; because &amp;quot;userDefinedLibraries.FailReport.logger&amp;quot; is null">
      <![CDATA[java.lang.NullPointerException: Cannot invoke "com.aventstack.extentreports.ExtentTest.log(com.aventstack.extentreports.Status, String)" because "userDefinedLibraries.FailReport.logger" is null
at userDefinedLibraries.FailReport.reportFail(FailReport.java:19)
at testScenarios.TripAdvisorTestScenarios.selectDestination(TripAdvisorTestScenarios.java:88)
at java.base/java.util.ArrayList.forEach(ArrayList.java:1511)
... Removed 31 stack frames]]>
    </failure>
  </testcase> <!-- selectDestination -->
  <testcase classname="testScenarios.TripAdvisorTestScenarios" name="checkInDate" time="10.048">
    <failure type="java.lang.NullPointerException" message="Cannot invoke &amp;quot;com.aventstack.extentreports.ExtentTest.log(com.aventstack.extentreports.Status, String)&amp;quot; because &amp;quot;userDefinedLibraries.FailReport.logger&amp;quot; is null">
      <![CDATA[java.lang.NullPointerException: Cannot invoke "com.aventstack.extentreports.ExtentTest.log(com.aventstack.extentreports.Status, String)" because "userDefinedLibraries.FailReport.logger" is null
at userDefinedLibraries.FailReport.reportFail(FailReport.java:19)
at testScenarios.TripAdvisorTestScenarios.checkInDate(TripAdvisorTestScenarios.java:104)
at java.base/java.util.ArrayList.forEach(ArrayList.java:1511)
... Removed 31 stack frames]]>
    </failure>
  </testcase> <!-- checkInDate -->
  <testcase classname="testScenarios.TripAdvisorTestScenarios" name="checkOutDate" time="41.144">
    <failure type="java.lang.NullPointerException" message="Cannot invoke &amp;quot;com.aventstack.extentreports.ExtentTest.log(com.aventstack.extentreports.Status, String)&amp;quot; because &amp;quot;userDefinedLibraries.FailReport.logger&amp;quot; is null">
      <![CDATA[java.lang.NullPointerException: Cannot invoke "com.aventstack.extentreports.ExtentTest.log(com.aventstack.extentreports.Status, String)" because "userDefinedLibraries.FailReport.logger" is null
at userDefinedLibraries.FailReport.reportFail(FailReport.java:19)
at testScenarios.TripAdvisorTestScenarios.checkOutDate(TripAdvisorTestScenarios.java:118)
at java.base/java.util.ArrayList.forEach(ArrayList.java:1511)
... Removed 31 stack frames]]>
    </failure>
  </testcase> <!-- checkOutDate -->
  <testcase classname="testScenarios.TripAdvisorTestScenarios" name="setGuest" time="10.021">
    <failure type="java.lang.NullPointerException" message="Cannot invoke &amp;quot;com.aventstack.extentreports.ExtentTest.log(com.aventstack.extentreports.Status, String)&amp;quot; because &amp;quot;userDefinedLibraries.FailReport.logger&amp;quot; is null">
      <![CDATA[java.lang.NullPointerException: Cannot invoke "com.aventstack.extentreports.ExtentTest.log(com.aventstack.extentreports.Status, String)" because "userDefinedLibraries.FailReport.logger" is null
at userDefinedLibraries.FailReport.reportFail(FailReport.java:19)
at testScenarios.TripAdvisorTestScenarios.setGuest(TripAdvisorTestScenarios.java:135)
at java.base/java.util.ArrayList.forEach(ArrayList.java:1511)
... Removed 31 stack frames]]>
    </failure>
  </testcase> <!-- setGuest -->
  <testcase classname="testScenarios.TripAdvisorTestScenarios" name="PassengerCrewValue" time="0.0">
    <ignored/>
  </testcase> <!-- PassengerCrewValue -->
  <testcase classname="testScenarios.TripAdvisorTestScenarios" name="liftAccess" time="0.0">
    <ignored/>
  </testcase> <!-- liftAccess -->
  <testcase classname="testScenarios.TripAdvisorTestScenarios" name="sortBy" time="0.0">
    <ignored/>
  </testcase> <!-- sortBy -->
  <testcase classname="testScenarios.TripAdvisorTestScenarios" name="cruiseShip" time="0.0">
    <ignored/>
  </testcase> <!-- cruiseShip -->
  <testcase classname="testScenarios.TripAdvisorTestScenarios" name="languageValue" time="0.0">
    <ignored/>
  </testcase> <!-- languageValue -->
  <testcase classname="testScenarios.TripAdvisorTestScenarios" name="cruises" time="0.0">
    <ignored/>
  </testcase> <!-- cruises -->
  <testcase classname="testScenarios.TripAdvisorTestScenarios" name="hotelNames" time="0.0">
    <ignored/>
  </testcase> <!-- hotelNames -->
  <testcase classname="testScenarios.TripAdvisorTestScenarios" name="cruiseLine" time="0.0">
    <ignored/>
  </testcase> <!-- cruiseLine -->
  <testcase classname="testScenarios.TripAdvisorTestScenarios" name="changeWindow" time="0.0">
    <ignored/>
  </testcase> <!-- changeWindow -->
  <testcase classname="testScenarios.TripAdvisorTestScenarios" name="pricePerNight" time="0.0">
    <ignored/>
  </testcase> <!-- pricePerNight -->
  <testcase classname="testScenarios.TripAdvisorTestScenarios" name="totalPrice" time="0.0">
    <ignored/>
  </testcase> <!-- totalPrice -->
  <testcase classname="testScenarios.TripAdvisorTestScenarios" name="launchedYearValue" time="0.0">
    <ignored/>
  </testcase> <!-- launchedYearValue -->
</testsuite> <!-- Smoke Test One -->
