<?xml version="1.0" encoding="UTF-8"?>
<testsuite xmlns:xsi="http://www.w3.org/2001/XMLSchema-instance" xsi:noNamespaceSchemaLocation="https://maven.apache.org/surefire/maven-surefire-plugin/xsd/surefire-test-report-3.0.xsd" version="3.0" name="TestSuite" time="276.292" tests="20" errors="0" skipped="3" failures="14">
  <properties>
[...]
</properties>
  <testcase name="readData" classname="testScenarios.TripAdvisorTestScenarios" time="1.279">
    <system-err><![CDATA[Starting ChromeDriver 97.0.4692.71 (adefa7837d02a07a604c1e6eff0b3a09422ab88d-refs/branch-heads/4692@{#1247}) on port 42508
Only local connections are allowed.
Please see https://chromedriver.chromium.org/security-considerations for suggestions on keeping ChromeDriver safe.
ChromeDriver was started successfully.
Jan 16, 2022 10:43:40 PM org.openqa.selenium.remote.ProtocolHandshake createSession
INFO: Detected dialect: W3C
]]></system-err>
  </testcase>
  <testcase name="selectDestination" classname="testScenarios.TripAdvisorTestScenarios" time="0">
    <skipped message="Cannot invoke &quot;com.aventstack.extentreports.ExtentTest.log(com.aventstack.extentreports.Status, String)&quot; because &quot;userDefinedLibraries.FailReport.logger&quot; is null"/>
    <system-out><![CDATA[Retrying selectDestination again and the count is 1
]]></system-out>
  </testcase>
  <testcase name="selectDestination" classname="testScenarios.TripAdvisorTestScenarios" time="0">
    <skipped message="Cannot invoke &quot;com.aventstack.extentreports.ExtentTest.log(com.aventstack.extentreports.Status, String)&quot; because &quot;userDefinedLibraries.FailReport.logger&quot; is null"/>
    <system-out><![CDATA[Retrying selectDestination again and the count is 2
]]></system-out>
  </testcase>
  <testcase name="selectDestination" classname="testScenarios.TripAdvisorTestScenarios" time="0">
    <skipped message="Cannot invoke &quot;com.aventstack.extentreports.ExtentTest.log(com.aventstack.extentreports.Status, String)&quot; because &quot;userDefinedLibraries.FailReport.logger&quot; is null"/>
    <system-out><![CDATA[Retrying selectDestination again and the count is 3
]]></system-out>
  </testcase>
  <testcase name="selectDestination" classname="testScenarios.TripAdvisorTestScenarios" time="1.066">
    <failure message="Cannot invoke &quot;com.aventstack.extentreports.ExtentTest.log(com.aventstack.extentreports.Status, String)&quot; because &quot;userDefinedLibraries.FailReport.logger&quot; is null" type="java.lang.NullPointerException"><![CDATA[java.lang.NullPointerException: Cannot invoke "com.aventstack.extentreports.ExtentTest.log(com.aventstack.extentreports.Status, String)" because "userDefinedLibraries.FailReport.logger" is null
	at testScenarios.TripAdvisorTestScenarios.selectDestination(TripAdvisorTestScenarios.java:88)
]]></failure>
  </testcase>
  <testcase name="checkInDate" classname="testScenarios.TripAdvisorTestScenarios" time="10.047">
    <failure message="Cannot invoke &quot;com.aventstack.extentreports.ExtentTest.log(com.aventstack.extentreports.Status, String)&quot; because &quot;userDefinedLibraries.FailReport.logger&quot; is null" type="java.lang.NullPointerException"><![CDATA[java.lang.NullPointerException: Cannot invoke "com.aventstack.extentreports.ExtentTest.log(com.aventstack.extentreports.Status, String)" because "userDefinedLibraries.FailReport.logger" is null
	at testScenarios.TripAdvisorTestScenarios.checkInDate(TripAdvisorTestScenarios.java:104)
]]></failure>
  </testcase>
  <testcase name="checkOutDate" classname="testScenarios.TripAdvisorTestScenarios" time="41.145">
    <failure message="Cannot invoke &quot;com.aventstack.extentreports.ExtentTest.log(com.aventstack.extentreports.Status, String)&quot; because &quot;userDefinedLibraries.FailReport.logger&quot; is null" type="java.lang.NullPointerException"><![CDATA[java.lang.NullPointerException: Cannot invoke "com.aventstack.extentreports.ExtentTest.log(com.aventstack.extentreports.Status, String)" because "userDefinedLibraries.FailReport.logger" is null
	at testScenarios.TripAdvisorTestScenarios.checkOutDate(TripAdvisorTestScenarios.java:118)
]]></failure>
  </testcase>
  <testcase name="setGuest" classname="testScenarios.TripAdvisorTestScenarios" time="10.022">
    <failure message="Cannot invoke &quot;com.aventstack.extentreports.ExtentTest.log(com.aventstack.extentreports.Status, String)&quot; because &quot;userDefinedLibraries.FailReport.logger&quot; is null" type="java.lang.NullPointerException"><![CDATA[java.lang.NullPointerException: Cannot invoke "com.aventstack.extentreports.ExtentTest.log(com.aventstack.extentreports.Status, String)" because "userDefinedLibraries.FailReport.logger" is null
	at testScenarios.TripAdvisorTestScenarios.setGuest(TripAdvisorTestScenarios.java:135)
]]></failure>
  </testcase>
  <testcase name="sortBy" classname="testScenarios.TripAdvisorTestScenarios" time="41.281">
    <failure message="Cannot invoke &quot;com.aventstack.extentreports.ExtentTest.log(com.aventstack.extentreports.Status, String)&quot; because &quot;userDefinedLibraries.FailReport.logger&quot; is null" type="java.lang.NullPointerException"><![CDATA[java.lang.NullPointerException: Cannot invoke "com.aventstack.extentreports.ExtentTest.log(com.aventstack.extentreports.Status, String)" because "userDefinedLibraries.FailReport.logger" is null
	at testScenarios.TripAdvisorTestScenarios.sortBy(TripAdvisorTestScenarios.java:150)
]]></failure>
  </testcase>
  <testcase name="liftAccess" classname="testScenarios.TripAdvisorTestScenarios" time="10.016">
    <failure message="Cannot invoke &quot;com.aventstack.extentreports.ExtentTest.log(com.aventstack.extentreports.Status, String)&quot; because &quot;userDefinedLibraries.FailReport.logger&quot; is null" type="java.lang.NullPointerException"><![CDATA[java.lang.NullPointerException: Cannot invoke "com.aventstack.extentreports.ExtentTest.log(com.aventstack.extentreports.Status, String)" because "userDefinedLibraries.FailReport.logger" is null
	at testScenarios.TripAdvisorTestScenarios.liftAccess(TripAdvisorTestScenarios.java:173)
]]></failure>
  </testcase>
  <testcase name="hotelNames" classname="testScenarios.TripAdvisorTestScenarios" time="15.063">
    <failure message="Cannot invoke &quot;com.aventstack.extentreports.ExtentTest.log(com.aventstack.extentreports.Status, String)&quot; because &quot;userDefinedLibraries.FailReport.logger&quot; is null" type="java.lang.NullPointerException"><![CDATA[java.lang.NullPointerException: Cannot invoke "com.aventstack.extentreports.ExtentTest.log(com.aventstack.extentreports.Status, String)" because "userDefinedLibraries.FailReport.logger" is null
	at testScenarios.TripAdvisorTestScenarios.hotelNames(TripAdvisorTestScenarios.java:195)
]]></failure>
  </testcase>
  <testcase name="totalPrice" classname="testScenarios.TripAdvisorTestScenarios" time="10.011">
    <failure message="Cannot invoke &quot;com.aventstack.extentreports.ExtentTest.log(com.aventstack.extentreports.Status, String)&quot; because &quot;userDefinedLibraries.FailReport.logger&quot; is null" type="java.lang.NullPointerException"><![CDATA[java.lang.NullPointerException: Cannot invoke "com.aventstack.extentreports.ExtentTest.log(com.aventstack.extentreports.Status, String)" because "userDefinedLibraries.FailReport.logger" is null
	at testScenarios.TripAdvisorTestScenarios.totalPrice(TripAdvisorTestScenarios.java:215)
]]></failure>
  </testcase>
  <testcase name="pricePerNight" classname="testScenarios.TripAdvisorTestScenarios" time="10.059">
    <failure message="Cannot invoke &quot;com.aventstack.extentreports.ExtentTest.log(com.aventstack.extentreports.Status, String)&quot; because &quot;userDefinedLibraries.FailReport.logger&quot; is null" type="java.lang.NullPointerException"><![CDATA[java.lang.NullPointerException: Cannot invoke "com.aventstack.extentreports.ExtentTest.log(com.aventstack.extentreports.Status, String)" because "userDefinedLibraries.FailReport.logger" is null
	at testScenarios.TripAdvisorTestScenarios.pricePerNight(TripAdvisorTestScenarios.java:242)
]]></failure>
  </testcase>
  <testcase name="cruises" classname="testScenarios.TripAdvisorTestScenarios" time="10.053">
    <failure message="Cannot invoke &quot;com.aventstack.extentreports.ExtentTest.log(com.aventstack.extentreports.Status, String)&quot; because &quot;userDefinedLibraries.FailReport.logger&quot; is null" type="java.lang.NullPointerException"><![CDATA[java.lang.NullPointerException: Cannot invoke "com.aventstack.extentreports.ExtentTest.log(com.aventstack.extentreports.Status, String)" because "userDefinedLibraries.FailReport.logger" is null
	at testScenarios.TripAdvisorTestScenarios.cruises(TripAdvisorTestScenarios.java:256)
]]></failure>
  </testcase>
  <testcase name="cruiseLine" classname="testScenarios.TripAdvisorTestScenarios" time="10.039">
    <failure message="Cannot invoke &quot;com.aventstack.extentreports.ExtentTest.log(com.aventstack.extentreports.Status, String)&quot; because &quot;userDefinedLibraries.FailReport.logger&quot; is null" type="java.lang.NullPointerException"><![CDATA[java.lang.NullPointerException: Cannot invoke "com.aventstack.extentreports.ExtentTest.log(com.aventstack.extentreports.Status, String)" because "userDefinedLibraries.FailReport.logger" is null
	at testScenarios.TripAdvisorTestScenarios.cruiseLine(TripAdvisorTestScenarios.java:272)
]]></failure>
  </testcase>
  <testcase name="cruiseShip" classname="testScenarios.TripAdvisorTestScenarios" time="10.057">
    <failure message="Cannot invoke &quot;com.aventstack.extentreports.ExtentTest.log(com.aventstack.extentreports.Status, String)&quot; because &quot;userDefinedLibraries.FailReport.logger&quot; is null" type="java.lang.NullPointerException"><![CDATA[java.lang.NullPointerException: Cannot invoke "com.aventstack.extentreports.ExtentTest.log(com.aventstack.extentreports.Status, String)" because "userDefinedLibraries.FailReport.logger" is null
	at testScenarios.TripAdvisorTestScenarios.cruiseShip(TripAdvisorTestScenarios.java:296)
]]></failure>
  </testcase>
  <testcase name="changeWindow" classname="testScenarios.TripAdvisorTestScenarios" time="0.319"/>
  <testcase name="PassengerCrewValue" classname="testScenarios.TripAdvisorTestScenarios" time="10.046">
    <failure message="Cannot invoke &quot;com.aventstack.extentreports.ExtentTest.log(com.aventstack.extentreports.Status, String)&quot; because &quot;userDefinedLibraries.FailReport.logger&quot; is null" type="java.lang.NullPointerException"><![CDATA[java.lang.NullPointerException: Cannot invoke "com.aventstack.extentreports.ExtentTest.log(com.aventstack.extentreports.Status, String)" because "userDefinedLibraries.FailReport.logger" is null
	at testScenarios.TripAdvisorTestScenarios.PassengerCrewValue(TripAdvisorTestScenarios.java:335)
]]></failure>
  </testcase>
  <testcase name="launchedYearValue" classname="testScenarios.TripAdvisorTestScenarios" time="10.074">
    <failure message="Cannot invoke &quot;com.aventstack.extentreports.ExtentTest.log(com.aventstack.extentreports.Status, String)&quot; because &quot;userDefinedLibraries.FailReport.logger&quot; is null" type="java.lang.NullPointerException"><![CDATA[java.lang.NullPointerException: Cannot invoke "com.aventstack.extentreports.ExtentTest.log(com.aventstack.extentreports.Status, String)" because "userDefinedLibraries.FailReport.logger" is null
	at testScenarios.TripAdvisorTestScenarios.launchedYearValue(TripAdvisorTestScenarios.java:358)
]]></failure>
  </testcase>
  <testcase name="languageValue" classname="testScenarios.TripAdvisorTestScenarios" time="10.039"/>
</testsuite>